11:02:59,898  INFO Version:15 - Hibernate Annotations 3.3.1.GA
11:02:59,920  INFO Environment:514 - Hibernate 3.2.5
11:02:59,927  INFO Environment:547 - hibernate.properties not found
11:02:59,931  INFO Environment:681 - Bytecode provider name : cglib
11:02:59,936  INFO Environment:598 - using JDK 1.4 java.sql.Timestamp handling
11:03:00,015  INFO Configuration:1426 - configuring from resource: /hibernate.cfg.xml
11:03:00,016  INFO Configuration:1403 - Configuration resource: /hibernate.cfg.xml
11:03:00,137  INFO Configuration:553 - Reading mappings from resource : pe/com/ega/sgces/dao/Impresorapuntoventa.hbm.xml
11:03:00,233  INFO Configuration:553 - Reading mappings from resource : pe/com/ega/sgces/dao/Tarjeta.hbm.xml
11:03:00,282  INFO Configuration:553 - Reading mappings from resource : pe/com/ega/sgces/dao/Movimiento.hbm.xml
11:03:00,316  INFO Configuration:553 - Reading mappings from resource : pe/com/ega/sgces/dao/Caraproducto.hbm.xml
11:03:00,345  INFO Configuration:553 - Reading mappings from resource : pe/com/ega/sgces/dao/Centroemisor.hbm.xml
11:03:00,378  INFO Configuration:553 - Reading mappings from resource : pe/com/ega/sgces/dao/Tanque.hbm.xml
11:03:00,405  INFO Configuration:553 - Reading mappings from resource : pe/com/ega/sgces/dao/Usuario.hbm.xml
11:03:00,431  INFO Configuration:553 - Reading mappings from resource : pe/com/ega/sgces/dao/Surtidor.hbm.xml
11:03:00,459  INFO Configuration:553 - Reading mappings from resource : pe/com/ega/sgces/dao/Provincia.hbm.xml
11:03:00,486  INFO Configuration:553 - Reading mappings from resource : pe/com/ega/sgces/dao/Perfilopcion.hbm.xml
11:03:00,513  INFO Configuration:553 - Reading mappings from resource : pe/com/ega/sgces/dao/Turnopuntoventacaja.hbm.xml
11:03:00,547  INFO Configuration:553 - Reading mappings from resource : pe/com/ega/sgces/dao/Producto.hbm.xml
11:03:00,577  INFO Configuration:553 - Reading mappings from resource : pe/com/ega/sgces/dao/Cliente.hbm.xml
11:03:00,607  INFO Configuration:553 - Reading mappings from resource : pe/com/ega/sgces/dao/Lista.hbm.xml
11:03:00,631  INFO Configuration:553 - Reading mappings from resource : pe/com/ega/sgces/dao/Turno.hbm.xml
11:03:00,658  INFO Configuration:553 - Reading mappings from resource : pe/com/ega/sgces/dao/Transaccion.hbm.xml
11:03:00,692  INFO Configuration:553 - Reading mappings from resource : pe/com/ega/sgces/dao/Subcuenta.hbm.xml
11:03:00,720  INFO Configuration:553 - Reading mappings from resource : pe/com/ega/sgces/dao/Transacciondetalle.hbm.xml
11:03:00,746  INFO Configuration:553 - Reading mappings from resource : pe/com/ega/sgces/dao/Perfil.hbm.xml
11:03:00,820  INFO Configuration:553 - Reading mappings from resource : pe/com/ega/sgces/dao/Usuarioperfil.hbm.xml
11:03:00,845  INFO Configuration:553 - Reading mappings from resource : pe/com/ega/sgces/dao/Departamento.hbm.xml
11:03:00,868  INFO Configuration:553 - Reading mappings from resource : pe/com/ega/sgces/dao/Deposito.hbm.xml
11:03:00,891  INFO Configuration:553 - Reading mappings from resource : pe/com/ega/sgces/dao/Varillajeajuste.hbm.xml
11:03:00,917  INFO Configuration:553 - Reading mappings from resource : pe/com/ega/sgces/dao/Trabajador.hbm.xml
11:03:00,947  INFO Configuration:553 - Reading mappings from resource : pe/com/ega/sgces/dao/Impresora.hbm.xml
11:03:00,972  INFO Configuration:553 - Reading mappings from resource : pe/com/ega/sgces/dao/Centroemisortipocomprobante.hbm.xml
11:03:00,993  INFO Configuration:553 - Reading mappings from resource : pe/com/ega/sgces/dao/Cara.hbm.xml
11:03:01,018  INFO Configuration:553 - Reading mappings from resource : pe/com/ega/sgces/dao/Puntoventa.hbm.xml
11:03:01,087  INFO Configuration:553 - Reading mappings from resource : pe/com/ega/sgces/dao/Caja.hbm.xml
11:03:01,100  INFO Configuration:553 - Reading mappings from resource : pe/com/ega/sgces/dao/Listavalor.hbm.xml
11:03:01,113  INFO Configuration:553 - Reading mappings from resource : pe/com/ega/sgces/dao/Distrito.hbm.xml
11:03:01,126  INFO Configuration:553 - Reading mappings from resource : pe/com/ega/sgces/dao/Varillaje.hbm.xml
11:03:01,138  INFO Configuration:553 - Reading mappings from resource : pe/com/ega/sgces/dao/Cuenta.hbm.xml
11:03:01,152  INFO Configuration:553 - Reading mappings from resource : pe/com/ega/sgces/dao/Puntoacumulado.hbm.xml
11:03:01,164  INFO Configuration:553 - Reading mappings from resource : pe/com/ega/sgces/dao/Despacho.hbm.xml
11:03:01,176  INFO Configuration:553 - Reading mappings from resource : pe/com/ega/sgces/dao/Estacionservicio.hbm.xml
11:03:01,190  INFO Configuration:553 - Reading mappings from resource : pe/com/ega/sgces/dao/Tipocambio.hbm.xml
11:03:01,200  INFO Configuration:553 - Reading mappings from resource : pe/com/ega/sgces/dao/Opcion.hbm.xml
11:03:01,210  INFO Configuration:1541 - Configured SessionFactory: null
11:03:01,302  INFO HbmBinder:300 - Mapping class: pe.com.ega.sgces.model.Impresorapuntoventa -> impresorapuntoventa
11:03:01,385  INFO HbmBinder:300 - Mapping class: pe.com.ega.sgces.model.Tarjeta -> tarjeta
11:03:01,391  INFO HbmBinder:300 - Mapping class: pe.com.ega.sgces.model.Movimiento -> movimiento
11:03:01,393  INFO HbmBinder:300 - Mapping class: pe.com.ega.sgces.model.Caraproducto -> caraproducto
11:03:01,395  INFO HbmBinder:300 - Mapping class: pe.com.ega.sgces.model.Centroemisor -> centroemisor
11:03:01,397  INFO HbmBinder:300 - Mapping class: pe.com.ega.sgces.model.Tanque -> tanque
11:03:01,399  INFO HbmBinder:300 - Mapping class: pe.com.ega.sgces.model.Usuario -> usuario
11:03:01,401  INFO HbmBinder:300 - Mapping class: pe.com.ega.sgces.model.Surtidor -> surtidor
11:03:01,403  INFO HbmBinder:300 - Mapping class: pe.com.ega.sgces.model.Provincia -> provincia
11:03:01,405  INFO HbmBinder:300 - Mapping class: pe.com.ega.sgces.model.Perfilopcion -> perfilopcion
11:03:01,406  INFO HbmBinder:300 - Mapping class: pe.com.ega.sgces.model.Turnopuntoventacaja -> turnopuntoventacaja
11:03:01,409  INFO HbmBinder:300 - Mapping class: pe.com.ega.sgces.model.Producto -> producto
11:03:01,411  INFO HbmBinder:300 - Mapping class: pe.com.ega.sgces.model.Cliente -> cliente
11:03:01,412  INFO HbmBinder:300 - Mapping class: pe.com.ega.sgces.model.Lista -> lista
11:03:01,414  INFO HbmBinder:300 - Mapping class: pe.com.ega.sgces.model.Turno -> turno
11:03:01,416  INFO HbmBinder:300 - Mapping class: pe.com.ega.sgces.model.Transaccion -> transaccion
11:03:01,418  INFO HbmBinder:300 - Mapping class: pe.com.ega.sgces.model.Subcuenta -> subcuenta
11:03:01,419  INFO HbmBinder:300 - Mapping class: pe.com.ega.sgces.model.Transacciondetalle -> transacciondetalle
11:03:01,421  INFO HbmBinder:300 - Mapping class: pe.com.ega.sgces.model.Perfil -> perfil
11:03:01,422  INFO HbmBinder:300 - Mapping class: pe.com.ega.sgces.model.Usuarioperfil -> usuarioperfil
11:03:01,423  INFO HbmBinder:300 - Mapping class: pe.com.ega.sgces.model.Departamento -> departamento
11:03:01,424  INFO HbmBinder:300 - Mapping class: pe.com.ega.sgces.model.Deposito -> deposito
11:03:01,425  INFO HbmBinder:300 - Mapping class: pe.com.ega.sgces.model.Varillajeajuste -> varillajeajuste
11:03:01,427  INFO HbmBinder:300 - Mapping class: pe.com.ega.sgces.model.Trabajador -> trabajador
11:03:01,429  INFO HbmBinder:300 - Mapping class: pe.com.ega.sgces.model.Impresora -> impresora
11:03:01,430  INFO HbmBinder:300 - Mapping class: pe.com.ega.sgces.model.Centroemisortipocomprobante -> centroemisortipocomprobante
11:03:01,431  INFO HbmBinder:300 - Mapping class: pe.com.ega.sgces.model.Cara -> cara
11:03:01,432  INFO HbmBinder:300 - Mapping class: pe.com.ega.sgces.model.Puntoventa -> puntoventa
11:03:01,434  INFO HbmBinder:300 - Mapping class: pe.com.ega.sgces.model.Caja -> caja
11:03:01,435  INFO HbmBinder:300 - Mapping class: pe.com.ega.sgces.model.Listavalor -> listavalor
11:03:01,436  INFO HbmBinder:300 - Mapping class: pe.com.ega.sgces.model.Distrito -> distrito
11:03:01,438  INFO HbmBinder:300 - Mapping class: pe.com.ega.sgces.model.Varillaje -> varillaje
11:03:01,439  INFO HbmBinder:300 - Mapping class: pe.com.ega.sgces.model.Cuenta -> cuenta
11:03:01,441  INFO HbmBinder:300 - Mapping class: pe.com.ega.sgces.model.Puntoacumulado -> puntoacumulado
11:03:01,442  INFO HbmBinder:300 - Mapping class: pe.com.ega.sgces.model.Despacho -> despacho
11:03:01,444  INFO HbmBinder:300 - Mapping class: pe.com.ega.sgces.model.Estacionservicio -> estacionservicio
11:03:01,446  INFO HbmBinder:300 - Mapping class: pe.com.ega.sgces.model.Tipocambio -> tipocambio
11:03:01,447  INFO HbmBinder:300 - Mapping class: pe.com.ega.sgces.model.Opcion -> opcion
11:03:01,451  INFO HbmBinder:2385 - Mapping collection: pe.com.ega.sgces.model.Tarjeta.subcuentas -> subcuenta
11:03:01,452  INFO HbmBinder:2385 - Mapping collection: pe.com.ega.sgces.model.Tarjeta.puntoacumulados -> puntoacumulado
11:03:01,453  INFO HbmBinder:2385 - Mapping collection: pe.com.ega.sgces.model.Caraproducto.despachos -> despacho
11:03:01,453  INFO HbmBinder:2385 - Mapping collection: pe.com.ega.sgces.model.Centroemisor.centroemisortipocomprobantes -> centroemisortipocomprobante
11:03:01,454  INFO HbmBinder:2385 - Mapping collection: pe.com.ega.sgces.model.Tanque.varillajes -> varillaje
11:03:01,455  INFO HbmBinder:2385 - Mapping collection: pe.com.ega.sgces.model.Usuario.usuarioperfils -> usuarioperfil
11:03:01,455  INFO HbmBinder:2385 - Mapping collection: pe.com.ega.sgces.model.Surtidor.caras -> cara
11:03:01,456  INFO HbmBinder:2385 - Mapping collection: pe.com.ega.sgces.model.Provincia.distritos -> distrito
11:03:01,457  INFO HbmBinder:2385 - Mapping collection: pe.com.ega.sgces.model.Turnopuntoventacaja.depositos -> deposito
11:03:01,457  INFO HbmBinder:2385 - Mapping collection: pe.com.ega.sgces.model.Turnopuntoventacaja.movimientos -> movimiento
11:03:01,464  INFO HbmBinder:2385 - Mapping collection: pe.com.ega.sgces.model.Producto.subcuentas -> subcuenta
11:03:01,465  INFO HbmBinder:2385 - Mapping collection: pe.com.ega.sgces.model.Producto.caraproductos -> caraproducto
11:03:01,465  INFO HbmBinder:2385 - Mapping collection: pe.com.ega.sgces.model.Producto.tanques -> tanque
11:03:01,466  INFO HbmBinder:2385 - Mapping collection: pe.com.ega.sgces.model.Producto.transacciondetalles -> transacciondetalle
11:03:01,466  INFO HbmBinder:2385 - Mapping collection: pe.com.ega.sgces.model.Producto.despachos -> despacho
11:03:01,467  INFO HbmBinder:2385 - Mapping collection: pe.com.ega.sgces.model.Cliente.transaccions -> transaccion
11:03:01,468  INFO HbmBinder:2385 - Mapping collection: pe.com.ega.sgces.model.Cliente.tarjetas -> tarjeta
11:03:01,468  INFO HbmBinder:2385 - Mapping collection: pe.com.ega.sgces.model.Cliente.cuentas -> cuenta
11:03:01,469  INFO HbmBinder:2385 - Mapping collection: pe.com.ega.sgces.model.Lista.listavalors -> listavalor
11:03:01,470  INFO HbmBinder:2385 - Mapping collection: pe.com.ega.sgces.model.Turno.turnopuntoventacajas -> turnopuntoventacaja
11:03:01,470  INFO HbmBinder:2385 - Mapping collection: pe.com.ega.sgces.model.Transaccion.transacciondetalles -> transacciondetalle
11:03:01,471  INFO HbmBinder:2385 - Mapping collection: pe.com.ega.sgces.model.Transaccion.puntoacumulados -> puntoacumulado
11:03:01,471  INFO HbmBinder:2385 - Mapping collection: pe.com.ega.sgces.model.Transaccion.movimientos -> movimiento
11:03:01,472  INFO HbmBinder:2385 - Mapping collection: pe.com.ega.sgces.model.Perfil.perfilopcions -> perfilopcion
11:03:01,473  INFO HbmBinder:2385 - Mapping collection: pe.com.ega.sgces.model.Perfil.usuarioperfils -> usuarioperfil
11:03:01,473  INFO HbmBinder:2385 - Mapping collection: pe.com.ega.sgces.model.Departamento.provincias -> provincia
11:03:01,474  INFO HbmBinder:2385 - Mapping collection: pe.com.ega.sgces.model.Trabajador.usuarios -> usuario
11:03:01,475  INFO HbmBinder:2385 - Mapping collection: pe.com.ega.sgces.model.Trabajador.cajas -> caja
11:03:01,475  INFO HbmBinder:2385 - Mapping collection: pe.com.ega.sgces.model.Impresora.impresorapuntoventas -> impresorapuntoventa
11:03:01,476  INFO HbmBinder:2385 - Mapping collection: pe.com.ega.sgces.model.Cara.caraproductos -> caraproducto
11:03:01,477  INFO HbmBinder:2385 - Mapping collection: pe.com.ega.sgces.model.Puntoventa.turnopuntoventacajas -> turnopuntoventacaja
11:03:01,477  INFO HbmBinder:2385 - Mapping collection: pe.com.ega.sgces.model.Puntoventa.impresorapuntoventas -> impresorapuntoventa
11:03:01,478  INFO HbmBinder:2385 - Mapping collection: pe.com.ega.sgces.model.Puntoventa.centroemisors -> centroemisor
11:03:01,479  INFO HbmBinder:2385 - Mapping collection: pe.com.ega.sgces.model.Caja.turnopuntoventacajas -> turnopuntoventacaja
11:03:01,479  INFO HbmBinder:2385 - Mapping collection: pe.com.ega.sgces.model.Listavalor.listavalors -> listavalor
11:03:01,480  INFO HbmBinder:2385 - Mapping collection: pe.com.ega.sgces.model.Distrito.estacionservicios -> estacionservicio
11:03:01,481  INFO HbmBinder:2385 - Mapping collection: pe.com.ega.sgces.model.Varillaje.varillajeajustes -> varillajeajuste
11:03:01,481  INFO HbmBinder:2385 - Mapping collection: pe.com.ega.sgces.model.Cuenta.subcuentas -> subcuenta
11:03:01,482  INFO HbmBinder:2385 - Mapping collection: pe.com.ega.sgces.model.Despacho.transaccions -> transaccion
11:03:01,483  INFO HbmBinder:2385 - Mapping collection: pe.com.ega.sgces.model.Estacionservicio.turnos -> turno
11:03:01,483  INFO HbmBinder:2385 - Mapping collection: pe.com.ega.sgces.model.Estacionservicio.trabajadors -> trabajador
11:03:01,484  INFO HbmBinder:2385 - Mapping collection: pe.com.ega.sgces.model.Estacionservicio.puntoventas -> puntoventa
11:03:01,485  INFO HbmBinder:2385 - Mapping collection: pe.com.ega.sgces.model.Estacionservicio.surtidors -> surtidor
11:03:01,485  INFO HbmBinder:2385 - Mapping collection: pe.com.ega.sgces.model.Estacionservicio.tanques -> tanque
11:03:01,486  INFO HbmBinder:2385 - Mapping collection: pe.com.ega.sgces.model.Opcion.perfilopcions -> perfilopcion
11:03:01,488  INFO AnnotationConfiguration:365 - Hibernate Validator not found: ignoring
11:03:01,538  INFO DriverManagerConnectionProvider:41 - Using Hibernate built-in connection pool (not for production use!)
11:03:01,539  INFO DriverManagerConnectionProvider:42 - Hibernate connection pool size: 20
11:03:01,539  INFO DriverManagerConnectionProvider:45 - autocommit mode: false
11:03:01,561  INFO DriverManagerConnectionProvider:80 - using driver: org.postgresql.Driver at URL: jdbc:postgresql://localhost:5432/cem44
11:03:01,561  INFO DriverManagerConnectionProvider:86 - connection properties: {user=postgres, password=****}
11:03:01,669  INFO SettingsFactory:89 - RDBMS: PostgreSQL, version: 9.1.3
11:03:01,670  INFO SettingsFactory:90 - JDBC driver: PostgreSQL Native Driver, version: PostgreSQL 9.0 JDBC4 (build 801)
11:03:01,682  INFO Dialect:152 - Using dialect: org.hibernate.dialect.PostgreSQLDialect
11:03:01,686  INFO TransactionFactoryFactory:31 - Using default transaction strategy (direct JDBC transactions)
11:03:01,688  INFO TransactionManagerLookupFactory:33 - No TransactionManagerLookup configured (in JTA environment, use of read-write or transactional second-level cache is not recommended)
11:03:01,688  INFO SettingsFactory:143 - Automatic flush during beforeCompletion(): disabled
11:03:01,689  INFO SettingsFactory:147 - Automatic session close at end of transaction: disabled
11:03:01,689  INFO SettingsFactory:154 - JDBC batch size: 15
11:03:01,690  INFO SettingsFactory:157 - JDBC batch updates for versioned data: disabled
11:03:01,691  INFO SettingsFactory:162 - Scrollable result sets: enabled
11:03:01,691  INFO SettingsFactory:170 - JDBC3 getGeneratedKeys(): enabled
11:03:01,692  INFO SettingsFactory:178 - Connection release mode: auto
11:03:01,693  INFO SettingsFactory:205 - Default batch fetch size: 1
11:03:01,693  INFO SettingsFactory:209 - Generate SQL with comments: disabled
11:03:01,694  INFO SettingsFactory:213 - Order SQL updates by primary key: disabled
11:03:01,694  INFO SettingsFactory:217 - Order SQL inserts for batching: disabled
11:03:01,695  INFO SettingsFactory:386 - Query translator: org.hibernate.hql.ast.ASTQueryTranslatorFactory
11:03:01,697  INFO ASTQueryTranslatorFactory:24 - Using ASTQueryTranslatorFactory
11:03:01,698  INFO SettingsFactory:225 - Query language substitutions: {}
11:03:01,698  INFO SettingsFactory:230 - JPA-QL strict compliance: disabled
11:03:01,699  INFO SettingsFactory:235 - Second-level cache: enabled
11:03:01,699  INFO SettingsFactory:239 - Query cache: disabled
11:03:01,700  INFO SettingsFactory:373 - Cache provider: org.hibernate.cache.NoCacheProvider
11:03:01,700  INFO SettingsFactory:254 - Optimize cache for minimal puts: disabled
11:03:01,701  INFO SettingsFactory:263 - Structured second-level cache entries: disabled
11:03:01,705  INFO SettingsFactory:290 - Statistics: disabled
11:03:01,705  INFO SettingsFactory:294 - Deleted entity synthetic identifier rollback: disabled
11:03:01,706  INFO SettingsFactory:309 - Default entity-mode: pojo
11:03:01,706  INFO SettingsFactory:313 - Named query checking : enabled
11:03:01,731  INFO SessionFactoryImpl:161 - building session factory
11:03:02,264  INFO SessionFactoryObjectFactory:82 - Not binding factory to JNDI, no JNDI name configured
