22:14:17,919  INFO Version:15 - Hibernate Annotations 3.3.1.GA
22:14:17,931  INFO Environment:514 - Hibernate 3.2.5
22:14:17,935  INFO Environment:547 - hibernate.properties not found
22:14:17,937  INFO Environment:681 - Bytecode provider name : cglib
22:14:17,941  INFO Environment:598 - using JDK 1.4 java.sql.Timestamp handling
22:14:17,988  INFO Configuration:1426 - configuring from resource: /hibernate.cfg.xml
22:14:17,989  INFO Configuration:1403 - Configuration resource: /hibernate.cfg.xml
22:14:18,058  INFO Configuration:553 - Reading mappings from resource : pe/com/ega/sgces/dao/Impresorapuntoventa.hbm.xml
22:14:18,101  INFO Configuration:553 - Reading mappings from resource : pe/com/ega/sgces/dao/Tarjeta.hbm.xml
22:14:18,123  INFO Configuration:553 - Reading mappings from resource : pe/com/ega/sgces/dao/Movimiento.hbm.xml
22:14:18,134  INFO Configuration:553 - Reading mappings from resource : pe/com/ega/sgces/dao/Caraproducto.hbm.xml
22:14:18,147  INFO Configuration:553 - Reading mappings from resource : pe/com/ega/sgces/dao/Centroemisor.hbm.xml
22:14:18,155  INFO Configuration:553 - Reading mappings from resource : pe/com/ega/sgces/dao/Tanque.hbm.xml
22:14:18,162  INFO Configuration:553 - Reading mappings from resource : pe/com/ega/sgces/dao/Usuario.hbm.xml
22:14:18,169  INFO Configuration:553 - Reading mappings from resource : pe/com/ega/sgces/dao/Surtidor.hbm.xml
22:14:18,177  INFO Configuration:553 - Reading mappings from resource : pe/com/ega/sgces/dao/Provincia.hbm.xml
22:14:18,183  INFO Configuration:553 - Reading mappings from resource : pe/com/ega/sgces/dao/Perfilopcion.hbm.xml
22:14:18,189  INFO Configuration:553 - Reading mappings from resource : pe/com/ega/sgces/dao/Turnopuntoventacaja.hbm.xml
22:14:18,195  INFO Configuration:553 - Reading mappings from resource : pe/com/ega/sgces/dao/Producto.hbm.xml
22:14:18,201  INFO Configuration:553 - Reading mappings from resource : pe/com/ega/sgces/dao/Cliente.hbm.xml
22:14:18,211  INFO Configuration:553 - Reading mappings from resource : pe/com/ega/sgces/dao/Lista.hbm.xml
22:14:18,217  INFO Configuration:553 - Reading mappings from resource : pe/com/ega/sgces/dao/Turno.hbm.xml
22:14:18,222  INFO Configuration:553 - Reading mappings from resource : pe/com/ega/sgces/dao/Transaccion.hbm.xml
22:14:18,228  INFO Configuration:553 - Reading mappings from resource : pe/com/ega/sgces/dao/Subcuenta.hbm.xml
22:14:18,233  INFO Configuration:553 - Reading mappings from resource : pe/com/ega/sgces/dao/Transacciondetalle.hbm.xml
22:14:18,238  INFO Configuration:553 - Reading mappings from resource : pe/com/ega/sgces/dao/Perfil.hbm.xml
22:14:18,243  INFO Configuration:553 - Reading mappings from resource : pe/com/ega/sgces/dao/Usuarioperfil.hbm.xml
22:14:18,247  INFO Configuration:553 - Reading mappings from resource : pe/com/ega/sgces/dao/Departamento.hbm.xml
22:14:18,252  INFO Configuration:553 - Reading mappings from resource : pe/com/ega/sgces/dao/Deposito.hbm.xml
22:14:18,258  INFO Configuration:553 - Reading mappings from resource : pe/com/ega/sgces/dao/Varillajeajuste.hbm.xml
22:14:18,265  INFO Configuration:553 - Reading mappings from resource : pe/com/ega/sgces/dao/Trabajador.hbm.xml
22:14:18,270  INFO Configuration:553 - Reading mappings from resource : pe/com/ega/sgces/dao/Impresora.hbm.xml
22:14:18,274  INFO Configuration:553 - Reading mappings from resource : pe/com/ega/sgces/dao/Centroemisortipocomprobante.hbm.xml
22:14:18,278  INFO Configuration:553 - Reading mappings from resource : pe/com/ega/sgces/dao/Cara.hbm.xml
22:14:18,282  INFO Configuration:553 - Reading mappings from resource : pe/com/ega/sgces/dao/Puntoventa.hbm.xml
22:14:18,287  INFO Configuration:553 - Reading mappings from resource : pe/com/ega/sgces/dao/Caja.hbm.xml
22:14:18,291  INFO Configuration:553 - Reading mappings from resource : pe/com/ega/sgces/dao/Listavalor.hbm.xml
22:14:18,295  INFO Configuration:553 - Reading mappings from resource : pe/com/ega/sgces/dao/Distrito.hbm.xml
22:14:18,299  INFO Configuration:553 - Reading mappings from resource : pe/com/ega/sgces/dao/Varillaje.hbm.xml
22:14:18,304  INFO Configuration:553 - Reading mappings from resource : pe/com/ega/sgces/dao/Cuenta.hbm.xml
22:14:18,309  INFO Configuration:553 - Reading mappings from resource : pe/com/ega/sgces/dao/Puntoacumulado.hbm.xml
22:14:18,315  INFO Configuration:553 - Reading mappings from resource : pe/com/ega/sgces/dao/Despacho.hbm.xml
22:14:18,319  INFO Configuration:553 - Reading mappings from resource : pe/com/ega/sgces/dao/Estacionservicio.hbm.xml
22:14:18,324  INFO Configuration:553 - Reading mappings from resource : pe/com/ega/sgces/dao/Tipocambio.hbm.xml
22:14:18,328  INFO Configuration:553 - Reading mappings from resource : pe/com/ega/sgces/dao/Opcion.hbm.xml
22:14:18,332  INFO Configuration:1541 - Configured SessionFactory: null
22:14:18,386  INFO HbmBinder:300 - Mapping class: pe.com.ega.sgces.model.Impresorapuntoventa -> impresorapuntoventa
22:14:18,438  INFO HbmBinder:300 - Mapping class: pe.com.ega.sgces.model.Tarjeta -> tarjeta
22:14:18,441  INFO HbmBinder:300 - Mapping class: pe.com.ega.sgces.model.Movimiento -> movimiento
22:14:18,442  INFO HbmBinder:300 - Mapping class: pe.com.ega.sgces.model.Caraproducto -> caraproducto
22:14:18,442  INFO HbmBinder:300 - Mapping class: pe.com.ega.sgces.model.Centroemisor -> centroemisor
22:14:18,443  INFO HbmBinder:300 - Mapping class: pe.com.ega.sgces.model.Tanque -> tanque
22:14:18,444  INFO HbmBinder:300 - Mapping class: pe.com.ega.sgces.model.Usuario -> usuario
22:14:18,445  INFO HbmBinder:300 - Mapping class: pe.com.ega.sgces.model.Surtidor -> surtidor
22:14:18,446  INFO HbmBinder:300 - Mapping class: pe.com.ega.sgces.model.Provincia -> provincia
22:14:18,447  INFO HbmBinder:300 - Mapping class: pe.com.ega.sgces.model.Perfilopcion -> perfilopcion
22:14:18,447  INFO HbmBinder:300 - Mapping class: pe.com.ega.sgces.model.Turnopuntoventacaja -> turnopuntoventacaja
22:14:18,448  INFO HbmBinder:300 - Mapping class: pe.com.ega.sgces.model.Producto -> producto
22:14:18,449  INFO HbmBinder:300 - Mapping class: pe.com.ega.sgces.model.Cliente -> cliente
22:14:18,450  INFO HbmBinder:300 - Mapping class: pe.com.ega.sgces.model.Lista -> lista
22:14:18,450  INFO HbmBinder:300 - Mapping class: pe.com.ega.sgces.model.Turno -> turno
22:14:18,451  INFO HbmBinder:300 - Mapping class: pe.com.ega.sgces.model.Transaccion -> transaccion
22:14:18,451  INFO HbmBinder:300 - Mapping class: pe.com.ega.sgces.model.Subcuenta -> subcuenta
22:14:18,452  INFO HbmBinder:300 - Mapping class: pe.com.ega.sgces.model.Transacciondetalle -> transacciondetalle
22:14:18,453  INFO HbmBinder:300 - Mapping class: pe.com.ega.sgces.model.Perfil -> perfil
22:14:18,453  INFO HbmBinder:300 - Mapping class: pe.com.ega.sgces.model.Usuarioperfil -> usuarioperfil
22:14:18,453  INFO HbmBinder:300 - Mapping class: pe.com.ega.sgces.model.Departamento -> departamento
22:14:18,454  INFO HbmBinder:300 - Mapping class: pe.com.ega.sgces.model.Deposito -> deposito
22:14:18,454  INFO HbmBinder:300 - Mapping class: pe.com.ega.sgces.model.Varillajeajuste -> varillajeajuste
22:14:18,455  INFO HbmBinder:300 - Mapping class: pe.com.ega.sgces.model.Trabajador -> trabajador
22:14:18,456  INFO HbmBinder:300 - Mapping class: pe.com.ega.sgces.model.Impresora -> impresora
22:14:18,456  INFO HbmBinder:300 - Mapping class: pe.com.ega.sgces.model.Centroemisortipocomprobante -> centroemisortipocomprobante
22:14:18,456  INFO HbmBinder:300 - Mapping class: pe.com.ega.sgces.model.Cara -> cara
22:14:18,457  INFO HbmBinder:300 - Mapping class: pe.com.ega.sgces.model.Puntoventa -> puntoventa
22:14:18,457  INFO HbmBinder:300 - Mapping class: pe.com.ega.sgces.model.Caja -> caja
22:14:18,457  INFO HbmBinder:300 - Mapping class: pe.com.ega.sgces.model.Listavalor -> listavalor
22:14:18,458  INFO HbmBinder:300 - Mapping class: pe.com.ega.sgces.model.Distrito -> distrito
22:14:18,459  INFO HbmBinder:300 - Mapping class: pe.com.ega.sgces.model.Varillaje -> varillaje
22:14:18,460  INFO HbmBinder:300 - Mapping class: pe.com.ega.sgces.model.Cuenta -> cuenta
22:14:18,460  INFO HbmBinder:300 - Mapping class: pe.com.ega.sgces.model.Puntoacumulado -> puntoacumulado
22:14:18,461  INFO HbmBinder:300 - Mapping class: pe.com.ega.sgces.model.Despacho -> despacho
22:14:18,462  INFO HbmBinder:300 - Mapping class: pe.com.ega.sgces.model.Estacionservicio -> estacionservicio
22:14:18,463  INFO HbmBinder:300 - Mapping class: pe.com.ega.sgces.model.Tipocambio -> tipocambio
22:14:18,463  INFO HbmBinder:300 - Mapping class: pe.com.ega.sgces.model.Opcion -> opcion
22:14:18,465  INFO HbmBinder:2385 - Mapping collection: pe.com.ega.sgces.model.Tarjeta.subcuentas -> subcuenta
22:14:18,466  INFO HbmBinder:2385 - Mapping collection: pe.com.ega.sgces.model.Tarjeta.puntoacumulados -> puntoacumulado
22:14:18,467  INFO HbmBinder:2385 - Mapping collection: pe.com.ega.sgces.model.Caraproducto.despachos -> despacho
22:14:18,467  INFO HbmBinder:2385 - Mapping collection: pe.com.ega.sgces.model.Centroemisor.centroemisortipocomprobantes -> centroemisortipocomprobante
22:14:18,467  INFO HbmBinder:2385 - Mapping collection: pe.com.ega.sgces.model.Tanque.varillajes -> varillaje
22:14:18,468  INFO HbmBinder:2385 - Mapping collection: pe.com.ega.sgces.model.Usuario.usuarioperfils -> usuarioperfil
22:14:18,468  INFO HbmBinder:2385 - Mapping collection: pe.com.ega.sgces.model.Surtidor.caras -> cara
22:14:18,468  INFO HbmBinder:2385 - Mapping collection: pe.com.ega.sgces.model.Provincia.distritos -> distrito
22:14:18,468  INFO HbmBinder:2385 - Mapping collection: pe.com.ega.sgces.model.Turnopuntoventacaja.depositos -> deposito
22:14:18,468  INFO HbmBinder:2385 - Mapping collection: pe.com.ega.sgces.model.Turnopuntoventacaja.movimientos -> movimiento
22:14:18,468  INFO HbmBinder:2385 - Mapping collection: pe.com.ega.sgces.model.Producto.subcuentas -> subcuenta
22:14:18,469  INFO HbmBinder:2385 - Mapping collection: pe.com.ega.sgces.model.Producto.caraproductos -> caraproducto
22:14:18,469  INFO HbmBinder:2385 - Mapping collection: pe.com.ega.sgces.model.Producto.tanques -> tanque
22:14:18,469  INFO HbmBinder:2385 - Mapping collection: pe.com.ega.sgces.model.Producto.transacciondetalles -> transacciondetalle
22:14:18,469  INFO HbmBinder:2385 - Mapping collection: pe.com.ega.sgces.model.Producto.despachos -> despacho
22:14:18,469  INFO HbmBinder:2385 - Mapping collection: pe.com.ega.sgces.model.Cliente.transaccions -> transaccion
22:14:18,470  INFO HbmBinder:2385 - Mapping collection: pe.com.ega.sgces.model.Cliente.tarjetas -> tarjeta
22:14:18,470  INFO HbmBinder:2385 - Mapping collection: pe.com.ega.sgces.model.Cliente.cuentas -> cuenta
22:14:18,470  INFO HbmBinder:2385 - Mapping collection: pe.com.ega.sgces.model.Lista.listavalors -> listavalor
22:14:18,470  INFO HbmBinder:2385 - Mapping collection: pe.com.ega.sgces.model.Turno.turnopuntoventacajas -> turnopuntoventacaja
22:14:18,470  INFO HbmBinder:2385 - Mapping collection: pe.com.ega.sgces.model.Transaccion.transacciondetalles -> transacciondetalle
22:14:18,471  INFO HbmBinder:2385 - Mapping collection: pe.com.ega.sgces.model.Transaccion.puntoacumulados -> puntoacumulado
22:14:18,471  INFO HbmBinder:2385 - Mapping collection: pe.com.ega.sgces.model.Transaccion.movimientos -> movimiento
22:14:18,476  INFO HbmBinder:2385 - Mapping collection: pe.com.ega.sgces.model.Perfil.perfilopcions -> perfilopcion
22:14:18,476  INFO HbmBinder:2385 - Mapping collection: pe.com.ega.sgces.model.Perfil.usuarioperfils -> usuarioperfil
22:14:18,476  INFO HbmBinder:2385 - Mapping collection: pe.com.ega.sgces.model.Departamento.provincias -> provincia
22:14:18,476  INFO HbmBinder:2385 - Mapping collection: pe.com.ega.sgces.model.Trabajador.usuarios -> usuario
22:14:18,476  INFO HbmBinder:2385 - Mapping collection: pe.com.ega.sgces.model.Trabajador.cajas -> caja
22:14:18,477  INFO HbmBinder:2385 - Mapping collection: pe.com.ega.sgces.model.Impresora.impresorapuntoventas -> impresorapuntoventa
22:14:18,477  INFO HbmBinder:2385 - Mapping collection: pe.com.ega.sgces.model.Cara.caraproductos -> caraproducto
22:14:18,477  INFO HbmBinder:2385 - Mapping collection: pe.com.ega.sgces.model.Puntoventa.turnopuntoventacajas -> turnopuntoventacaja
22:14:18,477  INFO HbmBinder:2385 - Mapping collection: pe.com.ega.sgces.model.Puntoventa.impresorapuntoventas -> impresorapuntoventa
22:14:18,477  INFO HbmBinder:2385 - Mapping collection: pe.com.ega.sgces.model.Puntoventa.centroemisors -> centroemisor
22:14:18,477  INFO HbmBinder:2385 - Mapping collection: pe.com.ega.sgces.model.Caja.turnopuntoventacajas -> turnopuntoventacaja
22:14:18,478  INFO HbmBinder:2385 - Mapping collection: pe.com.ega.sgces.model.Listavalor.listavalors -> listavalor
22:14:18,478  INFO HbmBinder:2385 - Mapping collection: pe.com.ega.sgces.model.Distrito.estacionservicios -> estacionservicio
22:14:18,478  INFO HbmBinder:2385 - Mapping collection: pe.com.ega.sgces.model.Varillaje.varillajeajustes -> varillajeajuste
22:14:18,478  INFO HbmBinder:2385 - Mapping collection: pe.com.ega.sgces.model.Cuenta.subcuentas -> subcuenta
22:14:18,479  INFO HbmBinder:2385 - Mapping collection: pe.com.ega.sgces.model.Despacho.transaccions -> transaccion
22:14:18,479  INFO HbmBinder:2385 - Mapping collection: pe.com.ega.sgces.model.Estacionservicio.turnos -> turno
22:14:18,479  INFO HbmBinder:2385 - Mapping collection: pe.com.ega.sgces.model.Estacionservicio.trabajadors -> trabajador
22:14:18,479  INFO HbmBinder:2385 - Mapping collection: pe.com.ega.sgces.model.Estacionservicio.puntoventas -> puntoventa
22:14:18,480  INFO HbmBinder:2385 - Mapping collection: pe.com.ega.sgces.model.Estacionservicio.surtidors -> surtidor
22:14:18,481  INFO HbmBinder:2385 - Mapping collection: pe.com.ega.sgces.model.Estacionservicio.tanques -> tanque
22:14:18,481  INFO HbmBinder:2385 - Mapping collection: pe.com.ega.sgces.model.Opcion.perfilopcions -> perfilopcion
22:14:18,482  INFO AnnotationConfiguration:365 - Hibernate Validator not found: ignoring
22:14:18,530  INFO DriverManagerConnectionProvider:41 - Using Hibernate built-in connection pool (not for production use!)
22:14:18,531  INFO DriverManagerConnectionProvider:42 - Hibernate connection pool size: 20
22:14:18,531  INFO DriverManagerConnectionProvider:45 - autocommit mode: false
22:14:18,555  INFO DriverManagerConnectionProvider:80 - using driver: org.postgresql.Driver at URL: jdbc:postgresql://localhost:5432/cem44
22:14:18,556  INFO DriverManagerConnectionProvider:86 - connection properties: {user=postgres, password=****}
22:14:18,662  INFO SettingsFactory:89 - RDBMS: PostgreSQL, version: 9.1.3
22:14:18,662  INFO SettingsFactory:90 - JDBC driver: PostgreSQL Native Driver, version: PostgreSQL 9.0 JDBC4 (build 801)
22:14:18,673  INFO Dialect:152 - Using dialect: org.hibernate.dialect.PostgreSQLDialect
22:14:18,676  INFO TransactionFactoryFactory:31 - Using default transaction strategy (direct JDBC transactions)
22:14:18,678  INFO TransactionManagerLookupFactory:33 - No TransactionManagerLookup configured (in JTA environment, use of read-write or transactional second-level cache is not recommended)
22:14:18,678  INFO SettingsFactory:143 - Automatic flush during beforeCompletion(): disabled
22:14:18,678  INFO SettingsFactory:147 - Automatic session close at end of transaction: disabled
22:14:18,678  INFO SettingsFactory:154 - JDBC batch size: 15
22:14:18,678  INFO SettingsFactory:157 - JDBC batch updates for versioned data: disabled
22:14:18,679  INFO SettingsFactory:162 - Scrollable result sets: enabled
22:14:18,679  INFO SettingsFactory:170 - JDBC3 getGeneratedKeys(): enabled
22:14:18,679  INFO SettingsFactory:178 - Connection release mode: auto
22:14:18,680  INFO SettingsFactory:205 - Default batch fetch size: 1
22:14:18,680  INFO SettingsFactory:209 - Generate SQL with comments: disabled
22:14:18,680  INFO SettingsFactory:213 - Order SQL updates by primary key: disabled
22:14:18,680  INFO SettingsFactory:217 - Order SQL inserts for batching: disabled
22:14:18,681  INFO SettingsFactory:386 - Query translator: org.hibernate.hql.ast.ASTQueryTranslatorFactory
22:14:18,682  INFO ASTQueryTranslatorFactory:24 - Using ASTQueryTranslatorFactory
22:14:18,683  INFO SettingsFactory:225 - Query language substitutions: {}
22:14:18,683  INFO SettingsFactory:230 - JPA-QL strict compliance: disabled
22:14:18,683  INFO SettingsFactory:235 - Second-level cache: enabled
22:14:18,683  INFO SettingsFactory:239 - Query cache: disabled
22:14:18,683  INFO SettingsFactory:373 - Cache provider: org.hibernate.cache.NoCacheProvider
22:14:18,684  INFO SettingsFactory:254 - Optimize cache for minimal puts: disabled
22:14:18,684  INFO SettingsFactory:263 - Structured second-level cache entries: disabled
22:14:18,687  INFO SettingsFactory:290 - Statistics: disabled
22:14:18,688  INFO SettingsFactory:294 - Deleted entity synthetic identifier rollback: disabled
22:14:18,688  INFO SettingsFactory:309 - Default entity-mode: pojo
22:14:18,688  INFO SettingsFactory:313 - Named query checking : enabled
22:14:18,710  INFO SessionFactoryImpl:161 - building session factory
22:14:19,144  INFO SessionFactoryObjectFactory:82 - Not binding factory to JNDI, no JNDI name configured
22:14:24,864  INFO Version:15 - Hibernate Annotations 3.3.1.GA
22:14:24,880  INFO Environment:514 - Hibernate 3.2.5
22:14:24,883  INFO Environment:547 - hibernate.properties not found
22:14:24,884  INFO Environment:681 - Bytecode provider name : cglib
22:14:24,887  INFO Environment:598 - using JDK 1.4 java.sql.Timestamp handling
22:14:24,934  INFO Configuration:1426 - configuring from resource: /hibernate.cfg.xml
22:14:24,934  INFO Configuration:1403 - Configuration resource: /hibernate.cfg.xml
22:14:25,007  INFO Configuration:553 - Reading mappings from resource : pe/com/ega/sgces/dao/Impresorapuntoventa.hbm.xml
22:14:25,053  INFO Configuration:553 - Reading mappings from resource : pe/com/ega/sgces/dao/Tarjeta.hbm.xml
22:14:25,069  INFO Configuration:553 - Reading mappings from resource : pe/com/ega/sgces/dao/Movimiento.hbm.xml
22:14:25,089  INFO Configuration:553 - Reading mappings from resource : pe/com/ega/sgces/dao/Caraproducto.hbm.xml
22:14:25,102  INFO Configuration:553 - Reading mappings from resource : pe/com/ega/sgces/dao/Centroemisor.hbm.xml
22:14:25,110  INFO Configuration:553 - Reading mappings from resource : pe/com/ega/sgces/dao/Tanque.hbm.xml
22:14:25,117  INFO Configuration:553 - Reading mappings from resource : pe/com/ega/sgces/dao/Usuario.hbm.xml
22:14:25,125  INFO Configuration:553 - Reading mappings from resource : pe/com/ega/sgces/dao/Surtidor.hbm.xml
22:14:25,137  INFO Configuration:553 - Reading mappings from resource : pe/com/ega/sgces/dao/Provincia.hbm.xml
22:14:25,150  INFO Configuration:553 - Reading mappings from resource : pe/com/ega/sgces/dao/Perfilopcion.hbm.xml
22:14:25,159  INFO Configuration:553 - Reading mappings from resource : pe/com/ega/sgces/dao/Turnopuntoventacaja.hbm.xml
22:14:25,166  INFO Configuration:553 - Reading mappings from resource : pe/com/ega/sgces/dao/Producto.hbm.xml
22:14:25,173  INFO Configuration:553 - Reading mappings from resource : pe/com/ega/sgces/dao/Cliente.hbm.xml
22:14:25,179  INFO Configuration:553 - Reading mappings from resource : pe/com/ega/sgces/dao/Lista.hbm.xml
22:14:25,185  INFO Configuration:553 - Reading mappings from resource : pe/com/ega/sgces/dao/Turno.hbm.xml
22:14:25,190  INFO Configuration:553 - Reading mappings from resource : pe/com/ega/sgces/dao/Transaccion.hbm.xml
22:14:25,200  INFO Configuration:553 - Reading mappings from resource : pe/com/ega/sgces/dao/Subcuenta.hbm.xml
22:14:25,206  INFO Configuration:553 - Reading mappings from resource : pe/com/ega/sgces/dao/Transacciondetalle.hbm.xml
22:14:25,212  INFO Configuration:553 - Reading mappings from resource : pe/com/ega/sgces/dao/Perfil.hbm.xml
22:14:25,217  INFO Configuration:553 - Reading mappings from resource : pe/com/ega/sgces/dao/Usuarioperfil.hbm.xml
22:14:25,222  INFO Configuration:553 - Reading mappings from resource : pe/com/ega/sgces/dao/Departamento.hbm.xml
22:14:25,227  INFO Configuration:553 - Reading mappings from resource : pe/com/ega/sgces/dao/Deposito.hbm.xml
22:14:25,231  INFO Configuration:553 - Reading mappings from resource : pe/com/ega/sgces/dao/Varillajeajuste.hbm.xml
22:14:25,236  INFO Configuration:553 - Reading mappings from resource : pe/com/ega/sgces/dao/Trabajador.hbm.xml
22:14:25,240  INFO Configuration:553 - Reading mappings from resource : pe/com/ega/sgces/dao/Impresora.hbm.xml
22:14:25,247  INFO Configuration:553 - Reading mappings from resource : pe/com/ega/sgces/dao/Centroemisortipocomprobante.hbm.xml
22:14:25,252  INFO Configuration:553 - Reading mappings from resource : pe/com/ega/sgces/dao/Cara.hbm.xml
22:14:25,256  INFO Configuration:553 - Reading mappings from resource : pe/com/ega/sgces/dao/Puntoventa.hbm.xml
22:14:25,261  INFO Configuration:553 - Reading mappings from resource : pe/com/ega/sgces/dao/Caja.hbm.xml
22:14:25,266  INFO Configuration:553 - Reading mappings from resource : pe/com/ega/sgces/dao/Listavalor.hbm.xml
22:14:25,270  INFO Configuration:553 - Reading mappings from resource : pe/com/ega/sgces/dao/Distrito.hbm.xml
22:14:25,275  INFO Configuration:553 - Reading mappings from resource : pe/com/ega/sgces/dao/Varillaje.hbm.xml
22:14:25,279  INFO Configuration:553 - Reading mappings from resource : pe/com/ega/sgces/dao/Cuenta.hbm.xml
22:14:25,285  INFO Configuration:553 - Reading mappings from resource : pe/com/ega/sgces/dao/Puntoacumulado.hbm.xml
22:14:25,290  INFO Configuration:553 - Reading mappings from resource : pe/com/ega/sgces/dao/Despacho.hbm.xml
22:14:25,294  INFO Configuration:553 - Reading mappings from resource : pe/com/ega/sgces/dao/Estacionservicio.hbm.xml
22:14:25,299  INFO Configuration:553 - Reading mappings from resource : pe/com/ega/sgces/dao/Tipocambio.hbm.xml
22:14:25,305  INFO Configuration:553 - Reading mappings from resource : pe/com/ega/sgces/dao/Opcion.hbm.xml
22:14:25,312  INFO Configuration:1541 - Configured SessionFactory: null
22:14:25,367  INFO HbmBinder:300 - Mapping class: pe.com.ega.sgces.model.Impresorapuntoventa -> impresorapuntoventa
22:14:25,414  INFO HbmBinder:300 - Mapping class: pe.com.ega.sgces.model.Tarjeta -> tarjeta
22:14:25,418  INFO HbmBinder:300 - Mapping class: pe.com.ega.sgces.model.Movimiento -> movimiento
22:14:25,418  INFO HbmBinder:300 - Mapping class: pe.com.ega.sgces.model.Caraproducto -> caraproducto
22:14:25,419  INFO HbmBinder:300 - Mapping class: pe.com.ega.sgces.model.Centroemisor -> centroemisor
22:14:25,419  INFO HbmBinder:300 - Mapping class: pe.com.ega.sgces.model.Tanque -> tanque
22:14:25,420  INFO HbmBinder:300 - Mapping class: pe.com.ega.sgces.model.Usuario -> usuario
22:14:25,420  INFO HbmBinder:300 - Mapping class: pe.com.ega.sgces.model.Surtidor -> surtidor
22:14:25,421  INFO HbmBinder:300 - Mapping class: pe.com.ega.sgces.model.Provincia -> provincia
22:14:25,421  INFO HbmBinder:300 - Mapping class: pe.com.ega.sgces.model.Perfilopcion -> perfilopcion
22:14:25,425  INFO HbmBinder:300 - Mapping class: pe.com.ega.sgces.model.Turnopuntoventacaja -> turnopuntoventacaja
22:14:25,426  INFO HbmBinder:300 - Mapping class: pe.com.ega.sgces.model.Producto -> producto
22:14:25,427  INFO HbmBinder:300 - Mapping class: pe.com.ega.sgces.model.Cliente -> cliente
22:14:25,427  INFO HbmBinder:300 - Mapping class: pe.com.ega.sgces.model.Lista -> lista
22:14:25,428  INFO HbmBinder:300 - Mapping class: pe.com.ega.sgces.model.Turno -> turno
22:14:25,428  INFO HbmBinder:300 - Mapping class: pe.com.ega.sgces.model.Transaccion -> transaccion
22:14:25,429  INFO HbmBinder:300 - Mapping class: pe.com.ega.sgces.model.Subcuenta -> subcuenta
22:14:25,429  INFO HbmBinder:300 - Mapping class: pe.com.ega.sgces.model.Transacciondetalle -> transacciondetalle
22:14:25,430  INFO HbmBinder:300 - Mapping class: pe.com.ega.sgces.model.Perfil -> perfil
22:14:25,430  INFO HbmBinder:300 - Mapping class: pe.com.ega.sgces.model.Usuarioperfil -> usuarioperfil
22:14:25,431  INFO HbmBinder:300 - Mapping class: pe.com.ega.sgces.model.Departamento -> departamento
22:14:25,431  INFO HbmBinder:300 - Mapping class: pe.com.ega.sgces.model.Deposito -> deposito
22:14:25,432  INFO HbmBinder:300 - Mapping class: pe.com.ega.sgces.model.Varillajeajuste -> varillajeajuste
22:14:25,432  INFO HbmBinder:300 - Mapping class: pe.com.ega.sgces.model.Trabajador -> trabajador
22:14:25,433  INFO HbmBinder:300 - Mapping class: pe.com.ega.sgces.model.Impresora -> impresora
22:14:25,434  INFO HbmBinder:300 - Mapping class: pe.com.ega.sgces.model.Centroemisortipocomprobante -> centroemisortipocomprobante
22:14:25,434  INFO HbmBinder:300 - Mapping class: pe.com.ega.sgces.model.Cara -> cara
22:14:25,434  INFO HbmBinder:300 - Mapping class: pe.com.ega.sgces.model.Puntoventa -> puntoventa
22:14:25,435  INFO HbmBinder:300 - Mapping class: pe.com.ega.sgces.model.Caja -> caja
22:14:25,435  INFO HbmBinder:300 - Mapping class: pe.com.ega.sgces.model.Listavalor -> listavalor
22:14:25,436  INFO HbmBinder:300 - Mapping class: pe.com.ega.sgces.model.Distrito -> distrito
22:14:25,436  INFO HbmBinder:300 - Mapping class: pe.com.ega.sgces.model.Varillaje -> varillaje
22:14:25,437  INFO HbmBinder:300 - Mapping class: pe.com.ega.sgces.model.Cuenta -> cuenta
22:14:25,437  INFO HbmBinder:300 - Mapping class: pe.com.ega.sgces.model.Puntoacumulado -> puntoacumulado
22:14:25,438  INFO HbmBinder:300 - Mapping class: pe.com.ega.sgces.model.Despacho -> despacho
22:14:25,438  INFO HbmBinder:300 - Mapping class: pe.com.ega.sgces.model.Estacionservicio -> estacionservicio
22:14:25,439  INFO HbmBinder:300 - Mapping class: pe.com.ega.sgces.model.Tipocambio -> tipocambio
22:14:25,440  INFO HbmBinder:300 - Mapping class: pe.com.ega.sgces.model.Opcion -> opcion
22:14:25,442  INFO HbmBinder:2385 - Mapping collection: pe.com.ega.sgces.model.Tarjeta.subcuentas -> subcuenta
22:14:25,442  INFO HbmBinder:2385 - Mapping collection: pe.com.ega.sgces.model.Tarjeta.puntoacumulados -> puntoacumulado
22:14:25,445  INFO HbmBinder:2385 - Mapping collection: pe.com.ega.sgces.model.Caraproducto.despachos -> despacho
22:14:25,445  INFO HbmBinder:2385 - Mapping collection: pe.com.ega.sgces.model.Centroemisor.centroemisortipocomprobantes -> centroemisortipocomprobante
22:14:25,446  INFO HbmBinder:2385 - Mapping collection: pe.com.ega.sgces.model.Tanque.varillajes -> varillaje
22:14:25,446  INFO HbmBinder:2385 - Mapping collection: pe.com.ega.sgces.model.Usuario.usuarioperfils -> usuarioperfil
22:14:25,446  INFO HbmBinder:2385 - Mapping collection: pe.com.ega.sgces.model.Surtidor.caras -> cara
22:14:25,447  INFO HbmBinder:2385 - Mapping collection: pe.com.ega.sgces.model.Provincia.distritos -> distrito
22:14:25,447  INFO HbmBinder:2385 - Mapping collection: pe.com.ega.sgces.model.Turnopuntoventacaja.depositos -> deposito
22:14:25,447  INFO HbmBinder:2385 - Mapping collection: pe.com.ega.sgces.model.Turnopuntoventacaja.movimientos -> movimiento
22:14:25,447  INFO HbmBinder:2385 - Mapping collection: pe.com.ega.sgces.model.Producto.subcuentas -> subcuenta
22:14:25,448  INFO HbmBinder:2385 - Mapping collection: pe.com.ega.sgces.model.Producto.caraproductos -> caraproducto
22:14:25,448  INFO HbmBinder:2385 - Mapping collection: pe.com.ega.sgces.model.Producto.tanques -> tanque
22:14:25,448  INFO HbmBinder:2385 - Mapping collection: pe.com.ega.sgces.model.Producto.transacciondetalles -> transacciondetalle
22:14:25,449  INFO HbmBinder:2385 - Mapping collection: pe.com.ega.sgces.model.Producto.despachos -> despacho
22:14:25,449  INFO HbmBinder:2385 - Mapping collection: pe.com.ega.sgces.model.Cliente.transaccions -> transaccion
22:14:25,449  INFO HbmBinder:2385 - Mapping collection: pe.com.ega.sgces.model.Cliente.tarjetas -> tarjeta
22:14:25,450  INFO HbmBinder:2385 - Mapping collection: pe.com.ega.sgces.model.Cliente.cuentas -> cuenta
22:14:25,450  INFO HbmBinder:2385 - Mapping collection: pe.com.ega.sgces.model.Lista.listavalors -> listavalor
22:14:25,450  INFO HbmBinder:2385 - Mapping collection: pe.com.ega.sgces.model.Turno.turnopuntoventacajas -> turnopuntoventacaja
22:14:25,450  INFO HbmBinder:2385 - Mapping collection: pe.com.ega.sgces.model.Transaccion.transacciondetalles -> transacciondetalle
22:14:25,451  INFO HbmBinder:2385 - Mapping collection: pe.com.ega.sgces.model.Transaccion.puntoacumulados -> puntoacumulado
22:14:25,451  INFO HbmBinder:2385 - Mapping collection: pe.com.ega.sgces.model.Transaccion.movimientos -> movimiento
22:14:25,451  INFO HbmBinder:2385 - Mapping collection: pe.com.ega.sgces.model.Perfil.perfilopcions -> perfilopcion
22:14:25,451  INFO HbmBinder:2385 - Mapping collection: pe.com.ega.sgces.model.Perfil.usuarioperfils -> usuarioperfil
22:14:25,452  INFO HbmBinder:2385 - Mapping collection: pe.com.ega.sgces.model.Departamento.provincias -> provincia
22:14:25,452  INFO HbmBinder:2385 - Mapping collection: pe.com.ega.sgces.model.Trabajador.usuarios -> usuario
22:14:25,452  INFO HbmBinder:2385 - Mapping collection: pe.com.ega.sgces.model.Trabajador.cajas -> caja
22:14:25,452  INFO HbmBinder:2385 - Mapping collection: pe.com.ega.sgces.model.Impresora.impresorapuntoventas -> impresorapuntoventa
22:14:25,453  INFO HbmBinder:2385 - Mapping collection: pe.com.ega.sgces.model.Cara.caraproductos -> caraproducto
22:14:25,453  INFO HbmBinder:2385 - Mapping collection: pe.com.ega.sgces.model.Puntoventa.turnopuntoventacajas -> turnopuntoventacaja
22:14:25,453  INFO HbmBinder:2385 - Mapping collection: pe.com.ega.sgces.model.Puntoventa.impresorapuntoventas -> impresorapuntoventa
22:14:25,454  INFO HbmBinder:2385 - Mapping collection: pe.com.ega.sgces.model.Puntoventa.centroemisors -> centroemisor
22:14:25,454  INFO HbmBinder:2385 - Mapping collection: pe.com.ega.sgces.model.Caja.turnopuntoventacajas -> turnopuntoventacaja
22:14:25,454  INFO HbmBinder:2385 - Mapping collection: pe.com.ega.sgces.model.Listavalor.listavalors -> listavalor
22:14:25,456  INFO HbmBinder:2385 - Mapping collection: pe.com.ega.sgces.model.Distrito.estacionservicios -> estacionservicio
22:14:25,456  INFO HbmBinder:2385 - Mapping collection: pe.com.ega.sgces.model.Varillaje.varillajeajustes -> varillajeajuste
22:14:25,457  INFO HbmBinder:2385 - Mapping collection: pe.com.ega.sgces.model.Cuenta.subcuentas -> subcuenta
22:14:25,457  INFO HbmBinder:2385 - Mapping collection: pe.com.ega.sgces.model.Despacho.transaccions -> transaccion
22:14:25,457  INFO HbmBinder:2385 - Mapping collection: pe.com.ega.sgces.model.Estacionservicio.turnos -> turno
22:14:25,457  INFO HbmBinder:2385 - Mapping collection: pe.com.ega.sgces.model.Estacionservicio.trabajadors -> trabajador
22:14:25,458  INFO HbmBinder:2385 - Mapping collection: pe.com.ega.sgces.model.Estacionservicio.puntoventas -> puntoventa
22:14:25,458  INFO HbmBinder:2385 - Mapping collection: pe.com.ega.sgces.model.Estacionservicio.surtidors -> surtidor
22:14:25,458  INFO HbmBinder:2385 - Mapping collection: pe.com.ega.sgces.model.Estacionservicio.tanques -> tanque
22:14:25,459  INFO HbmBinder:2385 - Mapping collection: pe.com.ega.sgces.model.Opcion.perfilopcions -> perfilopcion
22:14:25,460  INFO AnnotationConfiguration:365 - Hibernate Validator not found: ignoring
22:14:25,494  INFO DriverManagerConnectionProvider:41 - Using Hibernate built-in connection pool (not for production use!)
22:14:25,494  INFO DriverManagerConnectionProvider:42 - Hibernate connection pool size: 20
22:14:25,495  INFO DriverManagerConnectionProvider:45 - autocommit mode: false
22:14:25,506  INFO DriverManagerConnectionProvider:80 - using driver: org.postgresql.Driver at URL: jdbc:postgresql://localhost:5432/cem44
22:14:25,506  INFO DriverManagerConnectionProvider:86 - connection properties: {user=postgres, password=****}
22:14:25,596  INFO SettingsFactory:89 - RDBMS: PostgreSQL, version: 9.1.3
22:14:25,620  INFO SettingsFactory:90 - JDBC driver: PostgreSQL Native Driver, version: PostgreSQL 9.0 JDBC4 (build 801)
22:14:25,630  INFO Dialect:152 - Using dialect: org.hibernate.dialect.PostgreSQLDialect
22:14:25,634  INFO TransactionFactoryFactory:31 - Using default transaction strategy (direct JDBC transactions)
22:14:25,635  INFO TransactionManagerLookupFactory:33 - No TransactionManagerLookup configured (in JTA environment, use of read-write or transactional second-level cache is not recommended)
22:14:25,635  INFO SettingsFactory:143 - Automatic flush during beforeCompletion(): disabled
22:14:25,635  INFO SettingsFactory:147 - Automatic session close at end of transaction: disabled
22:14:25,636  INFO SettingsFactory:154 - JDBC batch size: 15
22:14:25,636  INFO SettingsFactory:157 - JDBC batch updates for versioned data: disabled
22:14:25,637  INFO SettingsFactory:162 - Scrollable result sets: enabled
22:14:25,637  INFO SettingsFactory:170 - JDBC3 getGeneratedKeys(): enabled
22:14:25,637  INFO SettingsFactory:178 - Connection release mode: auto
22:14:25,638  INFO SettingsFactory:205 - Default batch fetch size: 1
22:14:25,638  INFO SettingsFactory:209 - Generate SQL with comments: disabled
22:14:25,638  INFO SettingsFactory:213 - Order SQL updates by primary key: disabled
22:14:25,638  INFO SettingsFactory:217 - Order SQL inserts for batching: disabled
22:14:25,642  INFO SettingsFactory:386 - Query translator: org.hibernate.hql.ast.ASTQueryTranslatorFactory
22:14:25,644  INFO ASTQueryTranslatorFactory:24 - Using ASTQueryTranslatorFactory
22:14:25,644  INFO SettingsFactory:225 - Query language substitutions: {}
22:14:25,645  INFO SettingsFactory:230 - JPA-QL strict compliance: disabled
22:14:25,645  INFO SettingsFactory:235 - Second-level cache: enabled
22:14:25,645  INFO SettingsFactory:239 - Query cache: disabled
22:14:25,645  INFO SettingsFactory:373 - Cache provider: org.hibernate.cache.NoCacheProvider
22:14:25,646  INFO SettingsFactory:254 - Optimize cache for minimal puts: disabled
22:14:25,646  INFO SettingsFactory:263 - Structured second-level cache entries: disabled
22:14:25,649  INFO SettingsFactory:290 - Statistics: disabled
22:14:25,649  INFO SettingsFactory:294 - Deleted entity synthetic identifier rollback: disabled
22:14:25,650  INFO SettingsFactory:309 - Default entity-mode: pojo
22:14:25,650  INFO SettingsFactory:313 - Named query checking : enabled
22:14:25,671  INFO SessionFactoryImpl:161 - building session factory
22:14:26,002  INFO SessionFactoryObjectFactory:82 - Not binding factory to JNDI, no JNDI name configured
22:21:50,079  INFO Version:15 - Hibernate Annotations 3.3.1.GA
22:21:50,097  INFO Environment:514 - Hibernate 3.2.5
22:21:50,100  INFO Environment:547 - hibernate.properties not found
22:21:50,102  INFO Environment:681 - Bytecode provider name : cglib
22:21:50,105  INFO Environment:598 - using JDK 1.4 java.sql.Timestamp handling
22:21:50,150  INFO Configuration:1426 - configuring from resource: /hibernate.cfg.xml
22:21:50,150  INFO Configuration:1403 - Configuration resource: /hibernate.cfg.xml
22:21:50,221  INFO Configuration:553 - Reading mappings from resource : pe/com/ega/sgces/dao/Impresorapuntoventa.hbm.xml
22:21:50,264  INFO Configuration:553 - Reading mappings from resource : pe/com/ega/sgces/dao/Tarjeta.hbm.xml
22:21:50,279  INFO Configuration:553 - Reading mappings from resource : pe/com/ega/sgces/dao/Movimiento.hbm.xml
22:21:50,296  INFO Configuration:553 - Reading mappings from resource : pe/com/ega/sgces/dao/Caraproducto.hbm.xml
22:21:50,311  INFO Configuration:553 - Reading mappings from resource : pe/com/ega/sgces/dao/Centroemisor.hbm.xml
22:21:50,319  INFO Configuration:553 - Reading mappings from resource : pe/com/ega/sgces/dao/Tanque.hbm.xml
22:21:50,326  INFO Configuration:553 - Reading mappings from resource : pe/com/ega/sgces/dao/Usuario.hbm.xml
22:21:50,333  INFO Configuration:553 - Reading mappings from resource : pe/com/ega/sgces/dao/Surtidor.hbm.xml
22:21:50,345  INFO Configuration:553 - Reading mappings from resource : pe/com/ega/sgces/dao/Provincia.hbm.xml
22:21:50,356  INFO Configuration:553 - Reading mappings from resource : pe/com/ega/sgces/dao/Perfilopcion.hbm.xml
22:21:50,362  INFO Configuration:553 - Reading mappings from resource : pe/com/ega/sgces/dao/Turnopuntoventacaja.hbm.xml
22:21:50,369  INFO Configuration:553 - Reading mappings from resource : pe/com/ega/sgces/dao/Producto.hbm.xml
22:21:50,376  INFO Configuration:553 - Reading mappings from resource : pe/com/ega/sgces/dao/Cliente.hbm.xml
22:21:50,382  INFO Configuration:553 - Reading mappings from resource : pe/com/ega/sgces/dao/Lista.hbm.xml
22:21:50,387  INFO Configuration:553 - Reading mappings from resource : pe/com/ega/sgces/dao/Turno.hbm.xml
22:21:50,393  INFO Configuration:553 - Reading mappings from resource : pe/com/ega/sgces/dao/Transaccion.hbm.xml
22:21:50,403  INFO Configuration:553 - Reading mappings from resource : pe/com/ega/sgces/dao/Subcuenta.hbm.xml
22:21:50,408  INFO Configuration:553 - Reading mappings from resource : pe/com/ega/sgces/dao/Transacciondetalle.hbm.xml
22:21:50,414  INFO Configuration:553 - Reading mappings from resource : pe/com/ega/sgces/dao/Perfil.hbm.xml
22:21:50,419  INFO Configuration:553 - Reading mappings from resource : pe/com/ega/sgces/dao/Usuarioperfil.hbm.xml
22:21:50,423  INFO Configuration:553 - Reading mappings from resource : pe/com/ega/sgces/dao/Departamento.hbm.xml
22:21:50,428  INFO Configuration:553 - Reading mappings from resource : pe/com/ega/sgces/dao/Deposito.hbm.xml
22:21:50,433  INFO Configuration:553 - Reading mappings from resource : pe/com/ega/sgces/dao/Varillajeajuste.hbm.xml
22:21:50,437  INFO Configuration:553 - Reading mappings from resource : pe/com/ega/sgces/dao/Trabajador.hbm.xml
22:21:50,442  INFO Configuration:553 - Reading mappings from resource : pe/com/ega/sgces/dao/Impresora.hbm.xml
22:21:50,449  INFO Configuration:553 - Reading mappings from resource : pe/com/ega/sgces/dao/Centroemisortipocomprobante.hbm.xml
22:21:50,453  INFO Configuration:553 - Reading mappings from resource : pe/com/ega/sgces/dao/Cara.hbm.xml
22:21:50,457  INFO Configuration:553 - Reading mappings from resource : pe/com/ega/sgces/dao/Puntoventa.hbm.xml
22:21:50,462  INFO Configuration:553 - Reading mappings from resource : pe/com/ega/sgces/dao/Caja.hbm.xml
22:21:50,467  INFO Configuration:553 - Reading mappings from resource : pe/com/ega/sgces/dao/Listavalor.hbm.xml
22:21:50,471  INFO Configuration:553 - Reading mappings from resource : pe/com/ega/sgces/dao/Distrito.hbm.xml
22:21:50,476  INFO Configuration:553 - Reading mappings from resource : pe/com/ega/sgces/dao/Varillaje.hbm.xml
22:21:50,481  INFO Configuration:553 - Reading mappings from resource : pe/com/ega/sgces/dao/Cuenta.hbm.xml
22:21:50,489  INFO Configuration:553 - Reading mappings from resource : pe/com/ega/sgces/dao/Puntoacumulado.hbm.xml
22:21:50,494  INFO Configuration:553 - Reading mappings from resource : pe/com/ega/sgces/dao/Despacho.hbm.xml
22:21:50,499  INFO Configuration:553 - Reading mappings from resource : pe/com/ega/sgces/dao/Estacionservicio.hbm.xml
22:21:50,504  INFO Configuration:553 - Reading mappings from resource : pe/com/ega/sgces/dao/Tipocambio.hbm.xml
22:21:50,511  INFO Configuration:553 - Reading mappings from resource : pe/com/ega/sgces/dao/Opcion.hbm.xml
22:21:50,519  INFO Configuration:1541 - Configured SessionFactory: null
22:21:50,576  INFO HbmBinder:300 - Mapping class: pe.com.ega.sgces.model.Impresorapuntoventa -> impresorapuntoventa
22:21:50,623  INFO HbmBinder:300 - Mapping class: pe.com.ega.sgces.model.Tarjeta -> tarjeta
22:21:50,625  INFO HbmBinder:300 - Mapping class: pe.com.ega.sgces.model.Movimiento -> movimiento
22:21:50,626  INFO HbmBinder:300 - Mapping class: pe.com.ega.sgces.model.Caraproducto -> caraproducto
22:21:50,627  INFO HbmBinder:300 - Mapping class: pe.com.ega.sgces.model.Centroemisor -> centroemisor
22:21:50,627  INFO HbmBinder:300 - Mapping class: pe.com.ega.sgces.model.Tanque -> tanque
22:21:50,628  INFO HbmBinder:300 - Mapping class: pe.com.ega.sgces.model.Usuario -> usuario
22:21:50,628  INFO HbmBinder:300 - Mapping class: pe.com.ega.sgces.model.Surtidor -> surtidor
22:21:50,629  INFO HbmBinder:300 - Mapping class: pe.com.ega.sgces.model.Provincia -> provincia
22:21:50,629  INFO HbmBinder:300 - Mapping class: pe.com.ega.sgces.model.Perfilopcion -> perfilopcion
22:21:50,633  INFO HbmBinder:300 - Mapping class: pe.com.ega.sgces.model.Turnopuntoventacaja -> turnopuntoventacaja
22:21:50,634  INFO HbmBinder:300 - Mapping class: pe.com.ega.sgces.model.Producto -> producto
22:21:50,634  INFO HbmBinder:300 - Mapping class: pe.com.ega.sgces.model.Cliente -> cliente
22:21:50,635  INFO HbmBinder:300 - Mapping class: pe.com.ega.sgces.model.Lista -> lista
22:21:50,635  INFO HbmBinder:300 - Mapping class: pe.com.ega.sgces.model.Turno -> turno
22:21:50,636  INFO HbmBinder:300 - Mapping class: pe.com.ega.sgces.model.Transaccion -> transaccion
22:21:50,636  INFO HbmBinder:300 - Mapping class: pe.com.ega.sgces.model.Subcuenta -> subcuenta
22:21:50,637  INFO HbmBinder:300 - Mapping class: pe.com.ega.sgces.model.Transacciondetalle -> transacciondetalle
22:21:50,638  INFO HbmBinder:300 - Mapping class: pe.com.ega.sgces.model.Perfil -> perfil
22:21:50,638  INFO HbmBinder:300 - Mapping class: pe.com.ega.sgces.model.Usuarioperfil -> usuarioperfil
22:21:50,639  INFO HbmBinder:300 - Mapping class: pe.com.ega.sgces.model.Departamento -> departamento
22:21:50,639  INFO HbmBinder:300 - Mapping class: pe.com.ega.sgces.model.Deposito -> deposito
22:21:50,639  INFO HbmBinder:300 - Mapping class: pe.com.ega.sgces.model.Varillajeajuste -> varillajeajuste
22:21:50,640  INFO HbmBinder:300 - Mapping class: pe.com.ega.sgces.model.Trabajador -> trabajador
22:21:50,641  INFO HbmBinder:300 - Mapping class: pe.com.ega.sgces.model.Impresora -> impresora
22:21:50,641  INFO HbmBinder:300 - Mapping class: pe.com.ega.sgces.model.Centroemisortipocomprobante -> centroemisortipocomprobante
22:21:50,641  INFO HbmBinder:300 - Mapping class: pe.com.ega.sgces.model.Cara -> cara
22:21:50,642  INFO HbmBinder:300 - Mapping class: pe.com.ega.sgces.model.Puntoventa -> puntoventa
22:21:50,642  INFO HbmBinder:300 - Mapping class: pe.com.ega.sgces.model.Caja -> caja
22:21:50,643  INFO HbmBinder:300 - Mapping class: pe.com.ega.sgces.model.Listavalor -> listavalor
22:21:50,643  INFO HbmBinder:300 - Mapping class: pe.com.ega.sgces.model.Distrito -> distrito
22:21:50,644  INFO HbmBinder:300 - Mapping class: pe.com.ega.sgces.model.Varillaje -> varillaje
22:21:50,644  INFO HbmBinder:300 - Mapping class: pe.com.ega.sgces.model.Cuenta -> cuenta
22:21:50,645  INFO HbmBinder:300 - Mapping class: pe.com.ega.sgces.model.Puntoacumulado -> puntoacumulado
22:21:50,645  INFO HbmBinder:300 - Mapping class: pe.com.ega.sgces.model.Despacho -> despacho
22:21:50,646  INFO HbmBinder:300 - Mapping class: pe.com.ega.sgces.model.Estacionservicio -> estacionservicio
22:21:50,647  INFO HbmBinder:300 - Mapping class: pe.com.ega.sgces.model.Tipocambio -> tipocambio
22:21:50,647  INFO HbmBinder:300 - Mapping class: pe.com.ega.sgces.model.Opcion -> opcion
22:21:50,649  INFO HbmBinder:2385 - Mapping collection: pe.com.ega.sgces.model.Tarjeta.subcuentas -> subcuenta
22:21:50,650  INFO HbmBinder:2385 - Mapping collection: pe.com.ega.sgces.model.Tarjeta.puntoacumulados -> puntoacumulado
22:21:50,653  INFO HbmBinder:2385 - Mapping collection: pe.com.ega.sgces.model.Caraproducto.despachos -> despacho
22:21:50,653  INFO HbmBinder:2385 - Mapping collection: pe.com.ega.sgces.model.Centroemisor.centroemisortipocomprobantes -> centroemisortipocomprobante
22:21:50,653  INFO HbmBinder:2385 - Mapping collection: pe.com.ega.sgces.model.Tanque.varillajes -> varillaje
22:21:50,654  INFO HbmBinder:2385 - Mapping collection: pe.com.ega.sgces.model.Usuario.usuarioperfils -> usuarioperfil
22:21:50,654  INFO HbmBinder:2385 - Mapping collection: pe.com.ega.sgces.model.Surtidor.caras -> cara
22:21:50,654  INFO HbmBinder:2385 - Mapping collection: pe.com.ega.sgces.model.Provincia.distritos -> distrito
22:21:50,655  INFO HbmBinder:2385 - Mapping collection: pe.com.ega.sgces.model.Turnopuntoventacaja.depositos -> deposito
22:21:50,655  INFO HbmBinder:2385 - Mapping collection: pe.com.ega.sgces.model.Turnopuntoventacaja.movimientos -> movimiento
22:21:50,655  INFO HbmBinder:2385 - Mapping collection: pe.com.ega.sgces.model.Producto.subcuentas -> subcuenta
22:21:50,656  INFO HbmBinder:2385 - Mapping collection: pe.com.ega.sgces.model.Producto.caraproductos -> caraproducto
22:21:50,656  INFO HbmBinder:2385 - Mapping collection: pe.com.ega.sgces.model.Producto.tanques -> tanque
22:21:50,656  INFO HbmBinder:2385 - Mapping collection: pe.com.ega.sgces.model.Producto.transacciondetalles -> transacciondetalle
22:21:50,656  INFO HbmBinder:2385 - Mapping collection: pe.com.ega.sgces.model.Producto.despachos -> despacho
22:21:50,657  INFO HbmBinder:2385 - Mapping collection: pe.com.ega.sgces.model.Cliente.transaccions -> transaccion
22:21:50,657  INFO HbmBinder:2385 - Mapping collection: pe.com.ega.sgces.model.Cliente.tarjetas -> tarjeta
22:21:50,657  INFO HbmBinder:2385 - Mapping collection: pe.com.ega.sgces.model.Cliente.cuentas -> cuenta
22:21:50,657  INFO HbmBinder:2385 - Mapping collection: pe.com.ega.sgces.model.Lista.listavalors -> listavalor
22:21:50,658  INFO HbmBinder:2385 - Mapping collection: pe.com.ega.sgces.model.Turno.turnopuntoventacajas -> turnopuntoventacaja
22:21:50,658  INFO HbmBinder:2385 - Mapping collection: pe.com.ega.sgces.model.Transaccion.transacciondetalles -> transacciondetalle
22:21:50,658  INFO HbmBinder:2385 - Mapping collection: pe.com.ega.sgces.model.Transaccion.puntoacumulados -> puntoacumulado
22:21:50,658  INFO HbmBinder:2385 - Mapping collection: pe.com.ega.sgces.model.Transaccion.movimientos -> movimiento
22:21:50,659  INFO HbmBinder:2385 - Mapping collection: pe.com.ega.sgces.model.Perfil.perfilopcions -> perfilopcion
22:21:50,659  INFO HbmBinder:2385 - Mapping collection: pe.com.ega.sgces.model.Perfil.usuarioperfils -> usuarioperfil
22:21:50,659  INFO HbmBinder:2385 - Mapping collection: pe.com.ega.sgces.model.Departamento.provincias -> provincia
22:21:50,660  INFO HbmBinder:2385 - Mapping collection: pe.com.ega.sgces.model.Trabajador.usuarios -> usuario
22:21:50,660  INFO HbmBinder:2385 - Mapping collection: pe.com.ega.sgces.model.Trabajador.cajas -> caja
22:21:50,660  INFO HbmBinder:2385 - Mapping collection: pe.com.ega.sgces.model.Impresora.impresorapuntoventas -> impresorapuntoventa
22:21:50,660  INFO HbmBinder:2385 - Mapping collection: pe.com.ega.sgces.model.Cara.caraproductos -> caraproducto
22:21:50,661  INFO HbmBinder:2385 - Mapping collection: pe.com.ega.sgces.model.Puntoventa.turnopuntoventacajas -> turnopuntoventacaja
22:21:50,661  INFO HbmBinder:2385 - Mapping collection: pe.com.ega.sgces.model.Puntoventa.impresorapuntoventas -> impresorapuntoventa
22:21:50,661  INFO HbmBinder:2385 - Mapping collection: pe.com.ega.sgces.model.Puntoventa.centroemisors -> centroemisor
22:21:50,661  INFO HbmBinder:2385 - Mapping collection: pe.com.ega.sgces.model.Caja.turnopuntoventacajas -> turnopuntoventacaja
22:21:50,662  INFO HbmBinder:2385 - Mapping collection: pe.com.ega.sgces.model.Listavalor.listavalors -> listavalor
22:21:50,664  INFO HbmBinder:2385 - Mapping collection: pe.com.ega.sgces.model.Distrito.estacionservicios -> estacionservicio
22:21:50,664  INFO HbmBinder:2385 - Mapping collection: pe.com.ega.sgces.model.Varillaje.varillajeajustes -> varillajeajuste
22:21:50,664  INFO HbmBinder:2385 - Mapping collection: pe.com.ega.sgces.model.Cuenta.subcuentas -> subcuenta
22:21:50,665  INFO HbmBinder:2385 - Mapping collection: pe.com.ega.sgces.model.Despacho.transaccions -> transaccion
22:21:50,665  INFO HbmBinder:2385 - Mapping collection: pe.com.ega.sgces.model.Estacionservicio.turnos -> turno
22:21:50,665  INFO HbmBinder:2385 - Mapping collection: pe.com.ega.sgces.model.Estacionservicio.trabajadors -> trabajador
22:21:50,665  INFO HbmBinder:2385 - Mapping collection: pe.com.ega.sgces.model.Estacionservicio.puntoventas -> puntoventa
22:21:50,666  INFO HbmBinder:2385 - Mapping collection: pe.com.ega.sgces.model.Estacionservicio.surtidors -> surtidor
22:21:50,666  INFO HbmBinder:2385 - Mapping collection: pe.com.ega.sgces.model.Estacionservicio.tanques -> tanque
22:21:50,666  INFO HbmBinder:2385 - Mapping collection: pe.com.ega.sgces.model.Opcion.perfilopcions -> perfilopcion
22:21:50,667  INFO AnnotationConfiguration:365 - Hibernate Validator not found: ignoring
22:21:50,702  INFO DriverManagerConnectionProvider:41 - Using Hibernate built-in connection pool (not for production use!)
22:21:50,703  INFO DriverManagerConnectionProvider:42 - Hibernate connection pool size: 20
22:21:50,703  INFO DriverManagerConnectionProvider:45 - autocommit mode: false
22:21:50,713  INFO DriverManagerConnectionProvider:80 - using driver: org.postgresql.Driver at URL: jdbc:postgresql://localhost:5432/cem44
22:21:50,714  INFO DriverManagerConnectionProvider:86 - connection properties: {user=postgres, password=****}
22:21:50,802  INFO SettingsFactory:89 - RDBMS: PostgreSQL, version: 9.1.3
22:21:50,802  INFO SettingsFactory:90 - JDBC driver: PostgreSQL Native Driver, version: PostgreSQL 9.0 JDBC4 (build 801)
22:21:50,812  INFO Dialect:152 - Using dialect: org.hibernate.dialect.PostgreSQLDialect
22:21:50,816  INFO TransactionFactoryFactory:31 - Using default transaction strategy (direct JDBC transactions)
22:21:50,817  INFO TransactionManagerLookupFactory:33 - No TransactionManagerLookup configured (in JTA environment, use of read-write or transactional second-level cache is not recommended)
22:21:50,818  INFO SettingsFactory:143 - Automatic flush during beforeCompletion(): disabled
22:21:50,818  INFO SettingsFactory:147 - Automatic session close at end of transaction: disabled
22:21:50,818  INFO SettingsFactory:154 - JDBC batch size: 15
22:21:50,818  INFO SettingsFactory:157 - JDBC batch updates for versioned data: disabled
22:21:50,819  INFO SettingsFactory:162 - Scrollable result sets: enabled
22:21:50,819  INFO SettingsFactory:170 - JDBC3 getGeneratedKeys(): enabled
22:21:50,819  INFO SettingsFactory:178 - Connection release mode: auto
22:21:50,820  INFO SettingsFactory:205 - Default batch fetch size: 1
22:21:50,820  INFO SettingsFactory:209 - Generate SQL with comments: disabled
22:21:50,821  INFO SettingsFactory:213 - Order SQL updates by primary key: disabled
22:21:50,821  INFO SettingsFactory:217 - Order SQL inserts for batching: disabled
22:21:50,824  INFO SettingsFactory:386 - Query translator: org.hibernate.hql.ast.ASTQueryTranslatorFactory
22:21:50,827  INFO ASTQueryTranslatorFactory:24 - Using ASTQueryTranslatorFactory
22:21:50,827  INFO SettingsFactory:225 - Query language substitutions: {}
22:21:50,827  INFO SettingsFactory:230 - JPA-QL strict compliance: disabled
22:21:50,827  INFO SettingsFactory:235 - Second-level cache: enabled
22:21:50,828  INFO SettingsFactory:239 - Query cache: disabled
22:21:50,828  INFO SettingsFactory:373 - Cache provider: org.hibernate.cache.NoCacheProvider
22:21:50,828  INFO SettingsFactory:254 - Optimize cache for minimal puts: disabled
22:21:50,828  INFO SettingsFactory:263 - Structured second-level cache entries: disabled
22:21:50,831  INFO SettingsFactory:290 - Statistics: disabled
22:21:50,832  INFO SettingsFactory:294 - Deleted entity synthetic identifier rollback: disabled
22:21:50,832  INFO SettingsFactory:309 - Default entity-mode: pojo
22:21:50,832  INFO SettingsFactory:313 - Named query checking : enabled
22:21:50,854  INFO SessionFactoryImpl:161 - building session factory
22:21:51,251  INFO SessionFactoryObjectFactory:82 - Not binding factory to JNDI, no JNDI name configured
22:21:51,411 DEBUG IntegerType:172 - returning '1' as column: Id6_
22:21:51,416 DEBUG IntegerType:172 - returning '1' as column: IdTrabaj2_6_
22:21:51,416 DEBUG StringType:172 - returning 'admin' as column: Login6_
22:21:51,416 DEBUG StringType:172 - returning 'admin' as column: Clave6_
22:21:51,417 DEBUG DateType:172 - returning '12 diciembre 2013' as column: FechaReg5_6_
